<?xml version="1.0" encoding="UTF-8"?>
<!-- Generated by org.testng.reporters.JUnitReportReporter -->
<testsuite skipped="0" hostname="pathwalker-pc" name="test.NewTest" tests="1" failures="0" timestamp="13 Apr 2017 00:36:20 GMT" time="0.009" errors="0">
  <testcase name="testA" time="0.009" classname="test.NewTest"/>
</testsuite> <!-- test.NewTest -->
