<?xml version="1.0" encoding="UTF-8"?>
<!-- Generated by org.testng.reporters.JUnitReportReporter -->
<testsuite skipped="0" hostname="joshbresette" name="test.DeckTest" tests="3" failures="0" timestamp="13 Apr 2017 23:28:36 GMT" time="6.725" errors="0">
  <testcase name="shuffle" time="1.541" classname="test.DeckTest"/>
  <testcase name="getDeck" time="1.863" classname="test.DeckTest"/>
  <testcase name="getDeckLinkedListInteger" time="3.321" classname="test.DeckTest"/>
</testsuite> <!-- test.DeckTest -->
