<?xml version="1.0" encoding="UTF-8"?>
<!-- Generated by org.testng.reporters.JUnitReportReporter -->
<testsuite skipped="0" hostname="pathwalker-pc" name="test.CardStackTest" tests="15" failures="0" timestamp="13 Apr 2017 07:29:14 GMT" time="2.162" errors="1">
  <testcase name="isEmpty" time="0.134" classname="test.CardStackTest"/>
  <testcase name="addStack" time="0.135" classname="test.CardStackTest"/>
  <testcase name="pushCardStack" time="0.134" classname="test.CardStackTest"/>
  <testcase name="getBottom" time="0.138" classname="test.CardStackTest"/>
  <testcase name="getCardAtLocationint" time="0.139" classname="test.CardStackTest"/>
  <testcase name="length" time="0.136" classname="test.CardStackTest"/>
  <testcase name="search" time="0.137" classname="test.CardStackTest"/>
  <testcase name="getAvailableCards" time="0.136" classname="test.CardStackTest"/>
  <testcase name="addCard" time="0.219" classname="test.CardStackTest"/>
  <testcase name="pop" time="0.146" classname="test.CardStackTest"/>
  <testcase name="getStackint" time="0.132" classname="test.CardStackTest">
    <error type="java.lang.ArrayIndexOutOfBoundsException" message="-1">
      <![CDATA[java.lang.ArrayIndexOutOfBoundsException: -1
	at java.util.Vector.elementData(Unknown Source)
	at java.util.Vector.get(Unknown Source)
	at FourRowSolitaire.CardStack.getCardAtLocation(CardStack.java:116)
	at FourRowSolitaire.CardStack.getStack(CardStack.java:211)
	at test.CardStackTest.getStackint(CardStackTest.java:138)
	at sun.reflect.NativeMethodAccessorImpl.invoke0(Native Method)
	at sun.reflect.NativeMethodAccessorImpl.invoke(Unknown Source)
	at sun.reflect.DelegatingMethodAccessorImpl.invoke(Unknown Source)
	at java.lang.reflect.Method.invoke(Unknown Source)
	at org.testng.internal.MethodInvocationHelper.invokeMethod(MethodInvocationHelper.java:108)
	at org.testng.internal.Invoker.invokeMethod(Invoker.java:661)
	at org.testng.internal.Invoker.invokeTestMethod(Invoker.java:869)
	at org.testng.internal.Invoker.invokeTestMethods(Invoker.java:1193)
	at org.testng.internal.TestMethodWorker.invokeTestMethods(TestMethodWorker.java:126)
	at org.testng.internal.TestMethodWorker.run(TestMethodWorker.java:109)
	at org.testng.TestRunner.privateRun(TestRunner.java:744)
	at org.testng.TestRunner.run(TestRunner.java:602)
	at org.testng.SuiteRunner.runTest(SuiteRunner.java:380)
	at org.testng.SuiteRunner.runSequentially(SuiteRunner.java:375)
	at org.testng.SuiteRunner.privateRun(SuiteRunner.java:340)
	at org.testng.SuiteRunner.run(SuiteRunner.java:289)
	at org.testng.SuiteRunnerWorker.runSuite(SuiteRunnerWorker.java:52)
	at org.testng.SuiteRunnerWorker.run(SuiteRunnerWorker.java:86)
	at org.testng.TestNG.runSuitesSequentially(TestNG.java:1301)
	at org.testng.TestNG.runSuitesLocally(TestNG.java:1226)
	at org.testng.TestNG.runSuites(TestNG.java:1144)
	at org.testng.TestNG.run(TestNG.java:1115)
	at org.testng.remote.AbstractRemoteTestNG.run(AbstractRemoteTestNG.java:132)
	at org.testng.remote.RemoteTestNG.initAndRun(RemoteTestNG.java:230)
	at org.testng.remote.RemoteTestNG.main(RemoteTestNG.java:76)
]]>
    </error>
  </testcase> <!-- getStackint -->
  <testcase name="popCardStack" time="0.148" classname="test.CardStackTest"/>
  <testcase name="getStackCard" time="0.151" classname="test.CardStackTest"/>
  <testcase name="peek" time="0.133" classname="test.CardStackTest"/>
  <testcase name="pushCard" time="0.144" classname="test.CardStackTest"/>
</testsuite> <!-- test.CardStackTest -->
